<?xml version="1.0" encoding="UTF-8"?>
<testsuite xmlns:xsi="http://www.w3.org/2001/XMLSchema-instance" xsi:noNamespaceSchemaLocation="https://maven.apache.org/surefire/maven-surefire-plugin/xsd/surefire-test-report.xsd" version="3.0.2" name="com.barber_manager.system.StaffRegistrationSystemTest" time="7.12" tests="1" errors="0" skipped="0" failures="0" flakes="0">
  <properties>
[...]
</properties>
  <testcase name="shouldRegisterBarberThroughAuthService" classname="E2E: rejestracja personelu przez auth-service" time="0.165">
    <system-out><![CDATA[
  .   ____          _            __ _ _
 /\\ / ___'_ __ _ _(_)_ __  __ _ \ \ \ \
( ( )\___ | '_ | '_| | '_ \/ _` | \ \ \ \
 \\/  ___)| |_)| | | | | || (_| |  ) ) ) )
  '  |____| .__|_| |_|_| |_\__, | / / / /
 =========|_|==============|___/=/_/_/_/

 :: Spring Boot ::                (v4.0.6)

2026-06-17T21:59:24.921+02:00  INFO 50882 --- [user-service] [           main] [                                                 ] o.a.maven.surefire.booter.ForkedBooter   : Starting ForkedBooter v3.5.5 using Java 23 with PID 50882 (started by olivierdrozdowski in /Users/olivierdrozdowski/Desktop/barber-manager/system-tests)
2026-06-17T21:59:24.922+02:00  INFO 50882 --- [user-service] [           main] [                                                 ] o.a.maven.surefire.booter.ForkedBooter   : No active profile set, falling back to 1 default profile: "default"
2026-06-17T21:59:24.995+02:00  INFO 50882 --- [user-service] [           main] [                                                 ] .s.d.r.c.RepositoryConfigurationDelegate : Bootstrapping Spring Data JPA repositories in DEFAULT mode.
2026-06-17T21:59:24.997+02:00  INFO 50882 --- [user-service] [           main] [                                                 ] .s.d.r.c.RepositoryConfigurationDelegate : Finished Spring Data repository scanning in 1 ms. Found 1 JPA repository interface.
2026-06-17T21:59:25.022+02:00  INFO 50882 --- [user-service] [           main] [                                                 ] o.s.cloud.context.scope.GenericScope     : BeanFactory id=82e9ed23-b15e-3e4d-b662-c4d271097666
2026-06-17T21:59:25.034+02:00  INFO 50882 --- [user-service] [           main] [                                                 ] o.s.boot.tomcat.TomcatWebServer          : Tomcat initialized with port 0 (http)
2026-06-17T21:59:25.034+02:00  INFO 50882 --- [user-service] [           main] [                                                 ] o.apache.catalina.core.StandardService   : Starting service [Tomcat]
2026-06-17T21:59:25.034+02:00  INFO 50882 --- [user-service] [           main] [                                                 ] o.apache.catalina.core.StandardEngine    : Starting Servlet engine: [Apache Tomcat/11.0.21]
2026-06-17T21:59:25.046+02:00  INFO 50882 --- [user-service] [           main] [                                                 ] b.w.c.s.WebApplicationContextInitializer : Root WebApplicationContext: initialization completed in 123 ms
2026-06-17T21:59:25.064+02:00  INFO 50882 --- [user-service] [           main] [                                                 ] org.hibernate.orm.jpa                    : HHH008540: Processing PersistenceUnitInfo [name: default]
2026-06-17T21:59:25.071+02:00  INFO 50882 --- [user-service] [           main] [                                                 ] o.s.o.j.p.SpringPersistenceUnitInfo      : No LoadTimeWeaver setup: ignoring JPA class transformer
2026-06-17T21:59:25.071+02:00  INFO 50882 --- [user-service] [           main] [                                                 ] com.zaxxer.hikari.HikariDataSource       : HikariPool-4 - Starting...
2026-06-17T21:59:25.072+02:00  INFO 50882 --- [user-service] [           main] [                                                 ] com.zaxxer.hikari.pool.HikariPool        : HikariPool-4 - Added connection conn30: url=jdbc:h2:mem:user_system user=SA
2026-06-17T21:59:25.072+02:00  INFO 50882 --- [user-service] [           main] [                                                 ] com.zaxxer.hikari.HikariDataSource       : HikariPool-4 - Start completed.
2026-06-17T21:59:25.072+02:00  INFO 50882 --- [user-service] [           main] [                                                 ] org.hibernate.orm.connections.pooling    : HHH10001005: Database info:
	Database JDBC URL [jdbc:h2:mem:user_system]
	Database driver: H2 JDBC Driver
	Database dialect: H2Dialect
	Database version: 2.4.240
	Default catalog/schema: USER_SYSTEM/PUBLIC
	Autocommit mode: undefined/unknown
	Isolation level: READ_COMMITTED [default READ_COMMITTED]
	JDBC fetch size: 100
	Pool: DataSourceConnectionProvider
	Minimum pool size: undefined/unknown
	Maximum pool size: undefined/unknown
2026-06-17T21:59:25.083+02:00  INFO 50882 --- [user-service] [           main] [                                                 ] org.hibernate.orm.core                   : HHH000489: No JTA platform available (set 'hibernate.transaction.jta.platform' to enable JTA platform integration)
2026-06-17T21:59:25.085+02:00  INFO 50882 --- [user-service] [           main] [                                                 ] j.LocalContainerEntityManagerFactoryBean : Initialized JPA EntityManagerFactory for persistence unit 'default'
2026-06-17T21:59:25.096+02:00  WARN 50882 --- [user-service] [           main] [                                                 ] JpaBaseConfiguration$JpaWebConfiguration : spring.jpa.open-in-view is enabled by default. Therefore, database queries may be performed during view rendering. Explicitly configure spring.jpa.open-in-view to disable this warning
2026-06-17T21:59:25.139+02:00  INFO 50882 --- [user-service] [           main] [                                                 ] DiscoveryClientOptionalArgsConfiguration : Eureka HTTP Client uses RestClient.
2026-06-17T21:59:25.142+02:00  WARN 50882 --- [user-service] [           main] [                                                 ] iguration$LoadBalancerCaffeineWarnLogger : Spring Cloud LoadBalancer is currently working with the default cache. While this cache implementation is useful for development and tests, it's recommended to use Caffeine cache in production.You can switch to using Caffeine cache, by adding it and org.springframework.cache.caffeine.CaffeineCacheManager to the classpath.
2026-06-17T21:59:25.144+02:00  INFO 50882 --- [user-service] [           main] [                                                 ] o.s.b.a.e.web.EndpointLinksResolver      : Exposing 1 endpoint beneath base path '/actuator'
2026-06-17T21:59:25.155+02:00  INFO 50882 --- [user-service] [           main] [                                                 ] o.s.boot.tomcat.TomcatWebServer          : Tomcat started on port 57145 (http) with context path '/'
2026-06-17T21:59:25.163+02:00  INFO 50882 --- [user-service] [           main] [                                                 ] o.a.maven.surefire.booter.ForkedBooter   : Started ForkedBooter in 0.258 seconds (process running for 11.498)

  .   ____          _            __ _ _
 /\\ / ___'_ __ _ _(_)_ __  __ _ \ \ \ \
( ( )\___ | '_ | '_| | '_ \/ _` | \ \ \ \
 \\/  ___)| |_)| | | | | || (_| |  ) ) ) )
  '  |____| .__|_| |_|_| |_\__, | / / / /
 =========|_|==============|___/=/_/_/_/

 :: Spring Boot ::                (v4.0.6)

2026-06-17T21:59:25.172+02:00  INFO 50882 --- [user-service] [           main] [                                                 ] o.a.maven.surefire.booter.ForkedBooter   : Starting ForkedBooter v3.5.5 using Java 23 with PID 50882 (started by olivierdrozdowski in /Users/olivierdrozdowski/Desktop/barber-manager/system-tests)
2026-06-17T21:59:25.172+02:00  INFO 50882 --- [user-service] [           main] [                                                 ] o.a.maven.surefire.booter.ForkedBooter   : No active profile set, falling back to 1 default profile: "default"
2026-06-17T21:59:25.226+02:00  INFO 50882 --- [user-service] [           main] [                                                 ] .s.d.r.c.RepositoryConfigurationDelegate : Bootstrapping Spring Data JPA repositories in DEFAULT mode.
2026-06-17T21:59:25.228+02:00  INFO 50882 --- [user-service] [           main] [                                                 ] .s.d.r.c.RepositoryConfigurationDelegate : Finished Spring Data repository scanning in 0 ms. Found 1 JPA repository interface.
2026-06-17T21:59:25.251+02:00  INFO 50882 --- [user-service] [           main] [                                                 ] o.s.cloud.context.scope.GenericScope     : BeanFactory id=28245be3-c854-303f-8d23-27060df74c05
2026-06-17T21:59:25.262+02:00  INFO 50882 --- [user-service] [           main] [                                                 ] o.s.boot.tomcat.TomcatWebServer          : Tomcat initialized with port 0 (http)
2026-06-17T21:59:25.262+02:00  INFO 50882 --- [user-service] [           main] [                                                 ] o.apache.catalina.core.StandardService   : Starting service [Tomcat]
2026-06-17T21:59:25.263+02:00  INFO 50882 --- [user-service] [           main] [                                                 ] o.apache.catalina.core.StandardEngine    : Starting Servlet engine: [Apache Tomcat/11.0.21]
2026-06-17T21:59:25.273+02:00  INFO 50882 --- [user-service] [           main] [                                                 ] b.w.c.s.WebApplicationContextInitializer : Root WebApplicationContext: initialization completed in 100 ms
2026-06-17T21:59:25.295+02:00  INFO 50882 --- [user-service] [           main] [                                                 ] org.hibernate.orm.jpa                    : HHH008540: Processing PersistenceUnitInfo [name: default]
2026-06-17T21:59:25.301+02:00  INFO 50882 --- [user-service] [           main] [                                                 ] o.s.o.j.p.SpringPersistenceUnitInfo      : No LoadTimeWeaver setup: ignoring JPA class transformer
2026-06-17T21:59:25.302+02:00  INFO 50882 --- [user-service] [           main] [                                                 ] com.zaxxer.hikari.HikariDataSource       : HikariPool-5 - Starting...
2026-06-17T21:59:25.303+02:00  INFO 50882 --- [user-service] [           main] [                                                 ] com.zaxxer.hikari.pool.HikariPool        : HikariPool-5 - Added connection conn35: url=jdbc:h2:mem:auth_system user=SA
2026-06-17T21:59:25.303+02:00  INFO 50882 --- [user-service] [           main] [                                                 ] com.zaxxer.hikari.HikariDataSource       : HikariPool-5 - Start completed.
2026-06-17T21:59:25.303+02:00  INFO 50882 --- [user-service] [           main] [                                                 ] org.hibernate.orm.connections.pooling    : HHH10001005: Database info:
	Database JDBC URL [jdbc:h2:mem:auth_system]
	Database driver: H2 JDBC Driver
	Database dialect: H2Dialect
	Database version: 2.4.240
	Default catalog/schema: AUTH_SYSTEM/PUBLIC
	Autocommit mode: undefined/unknown
	Isolation level: READ_COMMITTED [default READ_COMMITTED]
	JDBC fetch size: 100
	Pool: DataSourceConnectionProvider
	Minimum pool size: undefined/unknown
	Maximum pool size: undefined/unknown
2026-06-17T21:59:25.321+02:00  INFO 50882 --- [user-service] [           main] [                                                 ] org.hibernate.orm.core                   : HHH000489: No JTA platform available (set 'hibernate.transaction.jta.platform' to enable JTA platform integration)
2026-06-17T21:59:25.323+02:00  INFO 50882 --- [user-service] [           main] [                                                 ] j.LocalContainerEntityManagerFactoryBean : Initialized JPA EntityManagerFactory for persistence unit 'default'
2026-06-17T21:59:25.332+02:00  WARN 50882 --- [user-service] [           main] [                                                 ] JpaBaseConfiguration$JpaWebConfiguration : spring.jpa.open-in-view is enabled by default. Therefore, database queries may be performed during view rendering. Explicitly configure spring.jpa.open-in-view to disable this warning
2026-06-17T21:59:25.476+02:00  INFO 50882 --- [user-service] [           main] [                                                 ] DiscoveryClientOptionalArgsConfiguration : Eureka HTTP Client uses RestClient.
2026-06-17T21:59:25.479+02:00  WARN 50882 --- [user-service] [           main] [                                                 ] iguration$LoadBalancerCaffeineWarnLogger : Spring Cloud LoadBalancer is currently working with the default cache. While this cache implementation is useful for development and tests, it's recommended to use Caffeine cache in production.You can switch to using Caffeine cache, by adding it and org.springframework.cache.caffeine.CaffeineCacheManager to the classpath.
2026-06-17T21:59:25.480+02:00  INFO 50882 --- [user-service] [           main] [                                                 ] o.s.b.a.e.web.EndpointLinksResolver      : Exposing 1 endpoint beneath base path '/actuator'
2026-06-17T21:59:25.484+02:00  INFO 50882 --- [user-service] [           main] [                                                 ] o.s.boot.tomcat.TomcatWebServer          : Tomcat started on port 57146 (http) with context path '/'
2026-06-17T21:59:25.488+02:00  INFO 50882 --- [user-service] [           main] [                                                 ] o.a.maven.surefire.booter.ForkedBooter   : Started ForkedBooter in 0.324 seconds (process running for 11.823)

  .   ____          _            __ _ _
 /\\ / ___'_ __ _ _(_)_ __  __ _ \ \ \ \
( ( )\___ | '_ | '_| | '_ \/ _` | \ \ \ \
 \\/  ___)| |_)| | | | | || (_| |  ) ) ) )
  '  |____| .__|_| |_|_| |_\__, | / / / /
 =========|_|==============|___/=/_/_/_/

 :: Spring Boot ::                (v4.0.6)

2026-06-17T21:59:25.500+02:00  INFO 50882 --- [user-service] [           main] [                                                 ] o.a.maven.surefire.booter.ForkedBooter   : Starting ForkedBooter v3.5.5 using Java 23 with PID 50882 (started by olivierdrozdowski in /Users/olivierdrozdowski/Desktop/barber-manager/system-tests)
2026-06-17T21:59:25.500+02:00  INFO 50882 --- [user-service] [           main] [                                                 ] o.a.maven.surefire.booter.ForkedBooter   : No active profile set, falling back to 1 default profile: "default"
2026-06-17T21:59:25.558+02:00  INFO 50882 --- [user-service] [           main] [                                                 ] .s.d.r.c.RepositoryConfigurationDelegate : Bootstrapping Spring Data JPA repositories in DEFAULT mode.
2026-06-17T21:59:25.561+02:00  INFO 50882 --- [user-service] [           main] [                                                 ] .s.d.r.c.RepositoryConfigurationDelegate : Finished Spring Data repository scanning in 2 ms. Found 7 JPA repository interfaces.
2026-06-17T21:59:25.586+02:00  INFO 50882 --- [user-service] [           main] [                                                 ] o.s.cloud.context.scope.GenericScope     : BeanFactory id=7d3c295e-856c-34f2-8ba6-054a3f6bc460
2026-06-17T21:59:25.600+02:00  INFO 50882 --- [user-service] [           main] [                                                 ] o.s.boot.tomcat.TomcatWebServer          : Tomcat initialized with port 0 (http)
2026-06-17T21:59:25.600+02:00  INFO 50882 --- [user-service] [           main] [                                                 ] o.apache.catalina.core.StandardService   : Starting service [Tomcat]
2026-06-17T21:59:25.600+02:00  INFO 50882 --- [user-service] [           main] [                                                 ] o.apache.catalina.core.StandardEngine    : Starting Servlet engine: [Apache Tomcat/11.0.21]
2026-06-17T21:59:25.614+02:00  INFO 50882 --- [user-service] [           main] [                                                 ] b.w.c.s.WebApplicationContextInitializer : Root WebApplicationContext: initialization completed in 113 ms
2026-06-17T21:59:25.632+02:00  INFO 50882 --- [user-service] [           main] [                                                 ] org.hibernate.orm.jpa                    : HHH008540: Processing PersistenceUnitInfo [name: default]
2026-06-17T21:59:25.639+02:00  INFO 50882 --- [user-service] [           main] [                                                 ] o.s.o.j.p.SpringPersistenceUnitInfo      : No LoadTimeWeaver setup: ignoring JPA class transformer
2026-06-17T21:59:25.639+02:00  INFO 50882 --- [user-service] [           main] [                                                 ] com.zaxxer.hikari.HikariDataSource       : HikariPool-6 - Starting...
2026-06-17T21:59:25.640+02:00  INFO 50882 --- [user-service] [           main] [                                                 ] com.zaxxer.hikari.pool.HikariPool        : HikariPool-6 - Added connection conn48: url=jdbc:h2:mem:appointment_system user=SA
2026-06-17T21:59:25.640+02:00  INFO 50882 --- [user-service] [           main] [                                                 ] com.zaxxer.hikari.HikariDataSource       : HikariPool-6 - Start completed.
2026-06-17T21:59:25.640+02:00  INFO 50882 --- [user-service] [           main] [                                                 ] org.hibernate.orm.connections.pooling    : HHH10001005: Database info:
	Database JDBC URL [jdbc:h2:mem:appointment_system]
	Database driver: H2 JDBC Driver
	Database dialect: H2Dialect
	Database version: 2.4.240
	Default catalog/schema: APPOINTMENT_SYSTEM/PUBLIC
	Autocommit mode: undefined/unknown
	Isolation level: READ_COMMITTED [default READ_COMMITTED]
	JDBC fetch size: 100
	Pool: DataSourceConnectionProvider
	Minimum pool size: undefined/unknown
	Maximum pool size: undefined/unknown
2026-06-17T21:59:25.663+02:00  INFO 50882 --- [user-service] [           main] [                                                 ] org.hibernate.orm.core                   : HHH000489: No JTA platform available (set 'hibernate.transaction.jta.platform' to enable JTA platform integration)
2026-06-17T21:59:25.668+02:00  INFO 50882 --- [user-service] [           main] [                                                 ] j.LocalContainerEntityManagerFactoryBean : Initialized JPA EntityManagerFactory for persistence unit 'default'
2026-06-17T21:59:25.700+02:00  WARN 50882 --- [user-service] [           main] [                                                 ] JpaBaseConfiguration$JpaWebConfiguration : spring.jpa.open-in-view is enabled by default. Therefore, database queries may be performed during view rendering. Explicitly configure spring.jpa.open-in-view to disable this warning
2026-06-17T21:59:25.775+02:00  INFO 50882 --- [user-service] [           main] [                                                 ] DiscoveryClientOptionalArgsConfiguration : Eureka HTTP Client uses RestClient.
2026-06-17T21:59:25.779+02:00  WARN 50882 --- [user-service] [           main] [                                                 ] iguration$LoadBalancerCaffeineWarnLogger : Spring Cloud LoadBalancer is currently working with the default cache. While this cache implementation is useful for development and tests, it's recommended to use Caffeine cache in production.You can switch to using Caffeine cache, by adding it and org.springframework.cache.caffeine.CaffeineCacheManager to the classpath.
2026-06-17T21:59:25.781+02:00  INFO 50882 --- [user-service] [           main] [                                                 ] o.s.b.a.e.web.EndpointLinksResolver      : Exposing 1 endpoint beneath base path '/actuator'
2026-06-17T21:59:25.787+02:00  INFO 50882 --- [user-service] [           main] [                                                 ] o.s.boot.tomcat.TomcatWebServer          : Tomcat started on port 57147 (http) with context path '/'
2026-06-17T21:59:25.791+02:00  INFO 50882 --- [user-service] [           main] [                                                 ] o.a.maven.surefire.booter.ForkedBooter   : Started ForkedBooter in 0.302 seconds (process running for 12.126)
2026-06-17T21:59:25.798+02:00  INFO 50882 --- [user-service] [o-auto-5-exec-1] [                                                 ] o.a.c.c.C.[Tomcat-1].[localhost].[/]     : Initializing Spring DispatcherServlet 'dispatcherServlet'
2026-06-17T21:59:25.798+02:00  INFO 50882 --- [user-service] [o-auto-5-exec-1] [                                                 ] o.s.web.servlet.DispatcherServlet        : Initializing Servlet 'dispatcherServlet'
2026-06-17T21:59:25.799+02:00  INFO 50882 --- [user-service] [o-auto-5-exec-1] [                                                 ] o.s.web.servlet.DispatcherServlet        : Completed initialization in 1 ms
2026-06-17T21:59:25.808+02:00  INFO 50882 --- [user-service] [o-auto-4-exec-1] [                                                 ] o.a.c.c.C.[Tomcat].[localhost].[/]       : Initializing Spring DispatcherServlet 'dispatcherServlet'
2026-06-17T21:59:25.808+02:00  INFO 50882 --- [user-service] [o-auto-4-exec-1] [                                                 ] o.s.web.servlet.DispatcherServlet        : Initializing Servlet 'dispatcherServlet'
2026-06-17T21:59:25.809+02:00  INFO 50882 --- [user-service] [o-auto-4-exec-1] [                                                 ] o.s.web.servlet.DispatcherServlet        : Completed initialization in 1 ms
]]></system-out>
  </testcase>
</testsuite>